<?xml version="1.0" encoding="UTF-8"?>
<testsuite xmlns:xsi="http://www.w3.org/2001/XMLSchema-instance" xsi:noNamespaceSchemaLocation="https://maven.apache.org/surefire/maven-surefire-plugin/xsd/surefire-test-report-3.0.xsd" version="3.0" name="com.crudapi.crudapi.CrudapiApplicationTests" time="2.151" tests="5" errors="0" skipped="0" failures="0">
  <properties>
[...]
</properties>
  <testcase name="testAddData" classname="com.crudapi.crudapi.CrudapiApplicationTests" time="0.676">
    <system-out><![CDATA[12:55:54.502 [main] INFO org.springframework.test.context.support.AnnotationConfigContextLoaderUtils -- Could not detect default configuration classes for test class [com.crudapi.crudapi.CrudapiApplicationTests]: CrudapiApplicationTests does not declare any static, non-private, non-final, nested classes annotated with @Configuration.
12:55:54.628 [main] INFO org.springframework.boot.test.context.SpringBootTestContextBootstrapper -- Found @SpringBootConfiguration com.crudapi.crudapi.CrudapiApplication for test class com.crudapi.crudapi.CrudapiApplicationTests

  .   ____          _            __ _ _
 /\\ / ___'_ __ _ _(_)_ __  __ _ \ \ \ \
( ( )\___ | '_ | '_| | '_ \/ _` | \ \ \ \
 \\/  ___)| |_)| | | | | || (_| |  ) ) ) )
  '  |____| .__|_| |_|_| |_\__, | / / / /
 =========|_|==============|___/=/_/_/_/
 :: Spring Boot ::                (v3.1.1)

2023-07-11T12:55:54.945-05:00  INFO 94038 --- [           main] c.c.crudapi.CrudapiApplicationTests      : Starting CrudapiApplicationTests using Java 17.0.2 with PID 94038 (started by srikaruddadi in /Users/srikaruddadi/Desktop/CIS_Backend_Implementation/crudapi)
2023-07-11T12:55:54.945-05:00  INFO 94038 --- [           main] c.c.crudapi.CrudapiApplicationTests      : No active profile set, falling back to 1 default profile: "default"
2023-07-11T12:55:55.801-05:00  INFO 94038 --- [           main] c.c.crudapi.CrudapiApplicationTests      : Started CrudapiApplicationTests in 1.015 seconds (process running for 2.065)
]]></system-out>
  </testcase>
  <testcase name="testUpdateData" classname="com.crudapi.crudapi.CrudapiApplicationTests" time="0.001"/>
  <testcase name="testGetAllData" classname="com.crudapi.crudapi.CrudapiApplicationTests" time="0.001"/>
  <testcase name="testGetData" classname="com.crudapi.crudapi.CrudapiApplicationTests" time="0.002"/>
  <testcase name="testDeleteData" classname="com.crudapi.crudapi.CrudapiApplicationTests" time="0.001"/>
</testsuite>